<?xml version="1.0" encoding="UTF-8"?>
<!-- Generated by org.testng.reporters.JUnitReportReporter -->
<testsuite hostname="LAPTOP-SQFU91UU" failures="0" tests="1" name="TestNG.ParameterizedRunner.HomePage" time="4.299" errors="0" timestamp="2023-01-09T19:55:28 EST" skipped="0">
  <testcase classname="TestNG.ParameterizedRunner.HomePage" name="TestUrl" time="4.299"/>
  <system-out/>
</testsuite> <!-- TestNG.ParameterizedRunner.HomePage -->
